<?xml version="1.0" encoding="UTF-8"?>
<testsuite xmlns:xsi="http://www.w3.org/2001/XMLSchema-instance" xsi:noNamespaceSchemaLocation="https://maven.apache.org/surefire/maven-surefire-plugin/xsd/surefire-test-report-3.0.xsd" version="3.0" name="com.bank.CustomerMs.CustomerMsApplicationTests" time="19.21" tests="1" errors="0" skipped="0" failures="0">
  <properties>
[...]
</properties>
  <testcase name="contextLoads" classname="com.bank.CustomerMs.CustomerMsApplicationTests" time="0.03">
    <system-out><![CDATA[09:25:05.430 [main] INFO org.springframework.test.context.support.AnnotationConfigContextLoaderUtils -- Could not detect default configuration classes for test class [com.bank.CustomerMs.CustomerMsApplicationTests]: CustomerMsApplicationTests does not declare any static, non-private, non-final, nested classes annotated with @Configuration.
09:25:06.079 [main] INFO org.springframework.boot.test.context.SpringBootTestContextBootstrapper -- Found @SpringBootConfiguration com.bank.CustomerMs.CustomerMsApplication for test class com.bank.CustomerMs.CustomerMsApplicationTests

  .   ____          _            __ _ _
 /\\ / ___'_ __ _ _(_)_ __  __ _ \ \ \ \
( ( )\___ | '_ | '_| | '_ \/ _` | \ \ \ \
 \\/  ___)| |_)| | | | | || (_| |  ) ) ) )
  '  |____| .__|_| |_|_| |_\__, | / / / /
 =========|_|==============|___/=/_/_/_/

 :: Spring Boot ::                (v3.3.6)

2024-12-06T09:25:08.089-05:00  INFO 16184 --- [CustomerMs] [           main] c.b.C.CustomerMsApplicationTests         : Starting CustomerMsApplicationTests using Java 17.0.13 with PID 16184 (started by Mayra25 in C:\Users\Mayra25\Desktop\PresentaciónNTT\CustomerMs)
2024-12-06T09:25:08.098-05:00  INFO 16184 --- [CustomerMs] [           main] c.b.C.CustomerMsApplicationTests         : No active profile set, falling back to 1 default profile: "default"
2024-12-06T09:25:11.558-05:00  INFO 16184 --- [CustomerMs] [           main] .s.d.r.c.RepositoryConfigurationDelegate : Bootstrapping Spring Data JPA repositories in DEFAULT mode.
2024-12-06T09:25:11.784-05:00  INFO 16184 --- [CustomerMs] [           main] .s.d.r.c.RepositoryConfigurationDelegate : Finished Spring Data repository scanning in 194 ms. Found 1 JPA repository interface.
2024-12-06T09:25:13.729-05:00  INFO 16184 --- [CustomerMs] [           main] o.hibernate.jpa.internal.util.LogHelper  : HHH000204: Processing PersistenceUnitInfo [name: default]
2024-12-06T09:25:14.035-05:00  INFO 16184 --- [CustomerMs] [           main] org.hibernate.Version                    : HHH000412: Hibernate ORM core version 6.5.3.Final
2024-12-06T09:25:14.204-05:00  INFO 16184 --- [CustomerMs] [           main] o.h.c.internal.RegionFactoryInitiator    : HHH000026: Second-level cache disabled
2024-12-06T09:25:14.867-05:00  INFO 16184 --- [CustomerMs] [           main] o.s.o.j.p.SpringPersistenceUnitInfo      : No LoadTimeWeaver setup: ignoring JPA class transformer
2024-12-06T09:25:15.021-05:00  INFO 16184 --- [CustomerMs] [           main] com.zaxxer.hikari.HikariDataSource       : HikariPool-1 - Starting...
2024-12-06T09:25:16.234-05:00  INFO 16184 --- [CustomerMs] [           main] com.zaxxer.hikari.pool.HikariPool        : HikariPool-1 - Added connection com.mysql.cj.jdbc.ConnectionImpl@9b7701f
2024-12-06T09:25:16.241-05:00  INFO 16184 --- [CustomerMs] [           main] com.zaxxer.hikari.HikariDataSource       : HikariPool-1 - Start completed.
2024-12-06T09:25:16.541-05:00  WARN 16184 --- [CustomerMs] [           main] org.hibernate.orm.deprecation            : HHH90000025: MySQL8Dialect does not need to be specified explicitly using 'hibernate.dialect' (remove the property setting and it will be selected by default)
2024-12-06T09:25:16.549-05:00  WARN 16184 --- [CustomerMs] [           main] org.hibernate.orm.deprecation            : HHH90000026: MySQL8Dialect has been deprecated; use org.hibernate.dialect.MySQLDialect instead
2024-12-06T09:25:20.213-05:00  INFO 16184 --- [CustomerMs] [           main] o.h.e.t.j.p.i.JtaPlatformInitiator       : HHH000489: No JTA platform available (set 'hibernate.transaction.jta.platform' to enable JTA platform integration)
Hibernate: drop table if exists clientes
Hibernate: create table clientes (id integer not null auto_increment, apellido varchar(255) not null, dni varchar(255) not null, email varchar(255) not null, nombre varchar(255) not null, primary key (id)) engine=InnoDB
Hibernate: alter table clientes add constraint UKm6ysdwsqke00e5piajbvgn6lg unique (dni)
Hibernate: alter table clientes add constraint UK1c96wv36rk2hwui7qhjks3mvg unique (email)
2024-12-06T09:25:20.435-05:00  INFO 16184 --- [CustomerMs] [           main] j.LocalContainerEntityManagerFactoryBean : Initialized JPA EntityManagerFactory for persistence unit 'default'
2024-12-06T09:25:22.468-05:00  WARN 16184 --- [CustomerMs] [           main] JpaBaseConfiguration$JpaWebConfiguration : spring.jpa.open-in-view is enabled by default. Therefore, database queries may be performed during view rendering. Explicitly configure spring.jpa.open-in-view to disable this warning
2024-12-06T09:25:23.592-05:00  INFO 16184 --- [CustomerMs] [           main] c.b.C.CustomerMsApplicationTests         : Started CustomerMsApplicationTests in 16.764 seconds (process running for 29.778)
]]></system-out>
  </testcase>
</testsuite>